<!DOCTYPE suite SYSTEM "http://testng.org/testng-1.0.dtd">
<suite name="Local one browser Chrome">

    <test name="Chome Tests">
        <parameter name="browser" value="firefox"/>
        <classes>
            <class name="com.thoaikx.TestLabNG"/>
        </classes>
    </test>

</suite>



