<?xml version="1.0" encoding="UTF-8"?>
<testsuite xmlns:xsi="http://www.w3.org/2001/XMLSchema-instance" xsi:noNamespaceSchemaLocation="https://maven.apache.org/surefire/maven-surefire-plugin/xsd/surefire-test-report.xsd" version="3.0.2" name="com.thoaikx.Test01" time="2.959" tests="4" errors="0" skipped="3" failures="1">
  <properties>
    <property name="java.specification.version" value="17"/>
    <property name="sun.cpu.isalist" value="amd64"/>
    <property name="sun.jnu.encoding" value="Cp1252"/>
    <property name="java.class.path" value="C:\Users\ad\Documents\Java EE Learning\Selenium-Automation\selenium-java-automation\target\test-classes;C:\Users\ad\Documents\Java EE Learning\Selenium-Automation\selenium-java-automation\target\classes;C:\Users\ad\.m2\repository\commons-io\commons-io\2.15.1\commons-io-2.15.1.jar;C:\Users\ad\.m2\repository\ru\yandex\qatools\allure\allure-report-builder\2.1\allure-report-builder-2.1.jar;C:\Users\ad\.m2\repository\ru\yandex\qatools\clay\clay-aether\2.2\clay-aether-2.2.jar;C:\Users\ad\.m2\repository\org\eclipse\aether\aether-api\1.0.0.v20140518\aether-api-1.0.0.v20140518.jar;C:\Users\ad\.m2\repository\org\eclipse\aether\aether-util\1.0.0.v20140518\aether-util-1.0.0.v20140518.jar;C:\Users\ad\.m2\repository\org\eclipse\aether\aether-impl\1.0.0.v20140518\aether-impl-1.0.0.v20140518.jar;C:\Users\ad\.m2\repository\org\eclipse\aether\aether-spi\1.0.0.v20140518\aether-spi-1.0.0.v20140518.jar;C:\Users\ad\.m2\repository\org\eclipse\aether\aether-connector-basic\1.0.0.v20140518\aether-connector-basic-1.0.0.v20140518.jar;C:\Users\ad\.m2\repository\org\eclipse\aether\aether-transport-file\1.0.0.v20140518\aether-transport-file-1.0.0.v20140518.jar;C:\Users\ad\.m2\repository\org\eclipse\aether\aether-transport-http\1.0.0.v20140518\aether-transport-http-1.0.0.v20140518.jar;C:\Users\ad\.m2\repository\org\apache\httpcomponents\httpclient\4.2.6\httpclient-4.2.6.jar;C:\Users\ad\.m2\repository\org\slf4j\jcl-over-slf4j\1.6.2\jcl-over-slf4j-1.6.2.jar;C:\Users\ad\.m2\repository\org\eclipse\aether\aether-transport-wagon\1.0.0.v20140518\aether-transport-wagon-1.0.0.v20140518.jar;C:\Users\ad\.m2\repository\org\apache\maven\wagon\wagon-provider-api\1.0\wagon-provider-api-1.0.jar;C:\Users\ad\.m2\repository\org\apache\maven\maven-aether-provider\3.1.0\maven-aether-provider-3.1.0.jar;C:\Users\ad\.m2\repository\org\apache\maven\maven-model\3.1.0\maven-model-3.1.0.jar;C:\Users\ad\.m2\repository\org\apache\maven\maven-model-builder\3.1.0\maven-model-builder-3.1.0.jar;C:\Users\ad\.m2\repository\org\codehaus\plexus\plexus-interpolation\1.16\plexus-interpolation-1.16.jar;C:\Users\ad\.m2\repository\org\apache\maven\maven-repository-metadata\3.1.0\maven-repository-metadata-3.1.0.jar;C:\Users\ad\.m2\repository\org\eclipse\sisu\org.eclipse.sisu.plexus\0.0.0.M2a\org.eclipse.sisu.plexus-0.0.0.M2a.jar;C:\Users\ad\.m2\repository\javax\enterprise\cdi-api\1.0\cdi-api-1.0.jar;C:\Users\ad\.m2\repository\javax\annotation\jsr250-api\1.0\jsr250-api-1.0.jar;C:\Users\ad\.m2\repository\javax\inject\javax.inject\1\javax.inject-1.jar;C:\Users\ad\.m2\repository\org\sonatype\sisu\sisu-guice\3.1.0\sisu-guice-3.1.0-no_aop.jar;C:\Users\ad\.m2\repository\aopalliance\aopalliance\1.0\aopalliance-1.0.jar;C:\Users\ad\.m2\repository\org\eclipse\sisu\org.eclipse.sisu.inject\0.0.0.M2a\org.eclipse.sisu.inject-0.0.0.M2a.jar;C:\Users\ad\.m2\repository\asm\asm\3.3.1\asm-3.3.1.jar;C:\Users\ad\.m2\repository\org\codehaus\plexus\plexus-classworlds\2.4\plexus-classworlds-2.4.jar;C:\Users\ad\.m2\repository\org\codehaus\plexus\plexus-component-annotations\1.5.5\plexus-component-annotations-1.5.5.jar;C:\Users\ad\.m2\repository\org\codehaus\plexus\plexus-utils\3.0.10\plexus-utils-3.0.10.jar;C:\Users\ad\.m2\repository\org\apache\maven\wagon\wagon-ssh\2.6\wagon-ssh-2.6.jar;C:\Users\ad\.m2\repository\com\jcraft\jsch\0.1.50\jsch-0.1.50.jar;C:\Users\ad\.m2\repository\com\jcraft\jsch.agentproxy.connector-factory\0.0.6\jsch.agentproxy.connector-factory-0.0.6.jar;C:\Users\ad\.m2\repository\com\jcraft\jsch.agentproxy.core\0.0.6\jsch.agentproxy.core-0.0.6.jar;C:\Users\ad\.m2\repository\com\jcraft\jsch.agentproxy.usocket-jna\0.0.6\jsch.agentproxy.usocket-jna-0.0.6.jar;C:\Users\ad\.m2\repository\net\java\dev\jna\jna\3.4.0\jna-3.4.0.jar;C:\Users\ad\.m2\repository\net\java\dev\jna\platform\3.4.0\platform-3.4.0.jar;C:\Users\ad\.m2\repository\com\jcraft\jsch.agentproxy.usocket-nc\0.0.6\jsch.agentproxy.usocket-nc-0.0.6.jar;C:\Users\ad\.m2\repository\com\jcraft\jsch.agentproxy.sshagent\0.0.6\jsch.agentproxy.sshagent-0.0.6.jar;C:\Users\ad\.m2\repository\com\jcraft\jsch.agentproxy.pageant\0.0.6\jsch.agentproxy.pageant-0.0.6.jar;C:\Users\ad\.m2\repository\com\jcraft\jsch.agentproxy.jsch\0.0.6\jsch.agentproxy.jsch-0.0.6.jar;C:\Users\ad\.m2\repository\org\apache\maven\wagon\wagon-ssh-common\2.6\wagon-ssh-common-2.6.jar;C:\Users\ad\.m2\repository\org\codehaus\plexus\plexus-interactivity-api\1.0-alpha-6\plexus-interactivity-api-1.0-alpha-6.jar;C:\Users\ad\.m2\repository\org\apache\maven\wagon\wagon-file\2.6\wagon-file-2.6.jar;C:\Users\ad\.m2\repository\commons-lang\commons-lang\2.6\commons-lang-2.6.jar;C:\Users\ad\.m2\repository\org\apache\maven\wagon\wagon-http\2.6\wagon-http-2.6.jar;C:\Users\ad\.m2\repository\org\apache\maven\wagon\wagon-http-shared\2.6\wagon-http-shared-2.6.jar;C:\Users\ad\.m2\repository\org\jsoup\jsoup\1.7.2\jsoup-1.7.2.jar;C:\Users\ad\.m2\repository\commons-logging\commons-logging\1.1.3\commons-logging-1.1.3.jar;C:\Users\ad\.m2\repository\org\apache\httpcomponents\httpcore\4.3\httpcore-4.3.jar;C:\Users\ad\.m2\repository\org\apache\maven\wagon\wagon-http-lightweight\2.6\wagon-http-lightweight-2.6.jar;C:\Users\ad\.m2\repository\ru\yandex\qatools\clay\clay-maven-settings-builder\2.2\clay-maven-settings-builder-2.2.jar;C:\Users\ad\.m2\repository\org\apache\maven\maven-settings-builder\3.1.0\maven-settings-builder-3.1.0.jar;C:\Users\ad\.m2\repository\org\apache\maven\maven-settings\3.1.0\maven-settings-3.1.0.jar;C:\Users\ad\.m2\repository\org\sonatype\plexus\plexus-sec-dispatcher\1.3\plexus-sec-dispatcher-1.3.jar;C:\Users\ad\.m2\repository\org\sonatype\plexus\plexus-cipher\1.4\plexus-cipher-1.4.jar;C:\Users\ad\.m2\repository\ru\yandex\qatools\clay\clay-utils\2.2\clay-utils-2.2.jar;C:\Users\ad\.m2\repository\org\slf4j\slf4j-log4j12\1.7.5\slf4j-log4j12-1.7.5.jar;C:\Users\ad\.m2\repository\log4j\log4j\1.2.17\log4j-1.2.17.jar;C:\Users\ad\.m2\repository\org\projectlombok\lombok\1.18.36\lombok-1.18.36.jar;C:\Users\ad\.m2\repository\org\seleniumhq\selenium\selenium-java\4.27.0\selenium-java-4.27.0.jar;C:\Users\ad\.m2\repository\org\seleniumhq\selenium\selenium-api\4.27.0\selenium-api-4.27.0.jar;C:\Users\ad\.m2\repository\org\jspecify\jspecify\1.0.0\jspecify-1.0.0.jar;C:\Users\ad\.m2\repository\org\seleniumhq\selenium\selenium-chrome-driver\4.27.0\selenium-chrome-driver-4.27.0.jar;C:\Users\ad\.m2\repository\com\google\auto\service\auto-service-annotations\1.1.1\auto-service-annotations-1.1.1.jar;C:\Users\ad\.m2\repository\org\seleniumhq\selenium\selenium-chromium-driver\4.27.0\selenium-chromium-driver-4.27.0.jar;C:\Users\ad\.m2\repository\org\seleniumhq\selenium\selenium-json\4.27.0\selenium-json-4.27.0.jar;C:\Users\ad\.m2\repository\org\seleniumhq\selenium\selenium-manager\4.27.0\selenium-manager-4.27.0.jar;C:\Users\ad\.m2\repository\org\seleniumhq\selenium\selenium-devtools-v129\4.27.0\selenium-devtools-v129-4.27.0.jar;C:\Users\ad\.m2\repository\org\seleniumhq\selenium\selenium-devtools-v130\4.27.0\selenium-devtools-v130-4.27.0.jar;C:\Users\ad\.m2\repository\org\seleniumhq\selenium\selenium-devtools-v131\4.27.0\selenium-devtools-v131-4.27.0.jar;C:\Users\ad\.m2\repository\org\seleniumhq\selenium\selenium-devtools-v85\4.27.0\selenium-devtools-v85-4.27.0.jar;C:\Users\ad\.m2\repository\org\seleniumhq\selenium\selenium-edge-driver\4.27.0\selenium-edge-driver-4.27.0.jar;C:\Users\ad\.m2\repository\org\seleniumhq\selenium\selenium-firefox-driver\4.27.0\selenium-firefox-driver-4.27.0.jar;C:\Users\ad\.m2\repository\org\seleniumhq\selenium\selenium-http\4.27.0\selenium-http-4.27.0.jar;C:\Users\ad\.m2\repository\dev\failsafe\failsafe\3.3.2\failsafe-3.3.2.jar;C:\Users\ad\.m2\repository\org\seleniumhq\selenium\selenium-ie-driver\4.27.0\selenium-ie-driver-4.27.0.jar;C:\Users\ad\.m2\repository\org\seleniumhq\selenium\selenium-remote-driver\4.27.0\selenium-remote-driver-4.27.0.jar;C:\Users\ad\.m2\repository\com\google\guava\guava\33.3.1-jre\guava-33.3.1-jre.jar;C:\Users\ad\.m2\repository\com\google\guava\failureaccess\1.0.2\failureaccess-1.0.2.jar;C:\Users\ad\.m2\repository\com\google\guava\listenablefuture\9999.0-empty-to-avoid-conflict-with-guava\listenablefuture-9999.0-empty-to-avoid-conflict-with-guava.jar;C:\Users\ad\.m2\repository\com\google\code\findbugs\jsr305\3.0.2\jsr305-3.0.2.jar;C:\Users\ad\.m2\repository\org\checkerframework\checker-qual\3.43.0\checker-qual-3.43.0.jar;C:\Users\ad\.m2\repository\com\google\errorprone\error_prone_annotations\2.28.0\error_prone_annotations-2.28.0.jar;C:\Users\ad\.m2\repository\com\google\j2objc\j2objc-annotations\3.0.0\j2objc-annotations-3.0.0.jar;C:\Users\ad\.m2\repository\io\opentelemetry\semconv\opentelemetry-semconv\1.25.0-alpha\opentelemetry-semconv-1.25.0-alpha.jar;C:\Users\ad\.m2\repository\io\opentelemetry\opentelemetry-api\1.44.1\opentelemetry-api-1.44.1.jar;C:\Users\ad\.m2\repository\io\opentelemetry\opentelemetry-context\1.44.1\opentelemetry-context-1.44.1.jar;C:\Users\ad\.m2\repository\io\opentelemetry\opentelemetry-exporter-logging\1.44.1\opentelemetry-exporter-logging-1.44.1.jar;C:\Users\ad\.m2\repository\io\opentelemetry\opentelemetry-sdk-common\1.44.1\opentelemetry-sdk-common-1.44.1.jar;C:\Users\ad\.m2\repository\io\opentelemetry\opentelemetry-sdk-extension-autoconfigure-spi\1.44.1\opentelemetry-sdk-extension-autoconfigure-spi-1.44.1.jar;C:\Users\ad\.m2\repository\io\opentelemetry\opentelemetry-sdk-extension-autoconfigure\1.44.1\opentelemetry-sdk-extension-autoconfigure-1.44.1.jar;C:\Users\ad\.m2\repository\io\opentelemetry\opentelemetry-api-incubator\1.44.1-alpha\opentelemetry-api-incubator-1.44.1-alpha.jar;C:\Users\ad\.m2\repository\io\opentelemetry\opentelemetry-sdk-trace\1.44.1\opentelemetry-sdk-trace-1.44.1.jar;C:\Users\ad\.m2\repository\io\opentelemetry\opentelemetry-sdk\1.44.1\opentelemetry-sdk-1.44.1.jar;C:\Users\ad\.m2\repository\io\opentelemetry\opentelemetry-sdk-metrics\1.44.1\opentelemetry-sdk-metrics-1.44.1.jar;C:\Users\ad\.m2\repository\io\opentelemetry\opentelemetry-sdk-logs\1.44.1\opentelemetry-sdk-logs-1.44.1.jar;C:\Users\ad\.m2\repository\org\seleniumhq\selenium\selenium-os\4.27.0\selenium-os-4.27.0.jar;C:\Users\ad\.m2\repository\org\apache\commons\commons-exec\1.4.0\commons-exec-1.4.0.jar;C:\Users\ad\.m2\repository\org\seleniumhq\selenium\selenium-safari-driver\4.27.0\selenium-safari-driver-4.27.0.jar;C:\Users\ad\.m2\repository\org\seleniumhq\selenium\selenium-support\4.27.0\selenium-support-4.27.0.jar;C:\Users\ad\.m2\repository\org\testng\testng\7.10.2\testng-7.10.2.jar;C:\Users\ad\.m2\repository\org\slf4j\slf4j-api\1.7.36\slf4j-api-1.7.36.jar;C:\Users\ad\.m2\repository\com\beust\jcommander\1.82\jcommander-1.82.jar;C:\Users\ad\.m2\repository\org\assertj\assertj-core\3.26.3\assertj-core-3.26.3.jar;C:\Users\ad\.m2\repository\net\bytebuddy\byte-buddy\1.14.18\byte-buddy-1.14.18.jar;C:\Users\ad\.m2\repository\net\datafaker\datafaker\2.4.2\datafaker-2.4.2.jar;C:\Users\ad\.m2\repository\org\yaml\snakeyaml\2.3\snakeyaml-2.3.jar;C:\Users\ad\.m2\repository\com\github\curious-odd-man\rgxgen\2.0\rgxgen-2.0.jar;C:\Users\ad\.m2\repository\com\googlecode\libphonenumber\libphonenumber\8.13.50\libphonenumber-8.13.50.jar;C:\Users\ad\.m2\repository\org\apache\logging\log4j\log4j-api\2.23.1\log4j-api-2.23.1.jar;C:\Users\ad\.m2\repository\org\apache\logging\log4j\log4j-core\2.23.1\log4j-core-2.23.1.jar;C:\Users\ad\.m2\repository\org\apache\logging\log4j\log4j-slf4j-impl\2.23.1\log4j-slf4j-impl-2.23.1.jar;C:\Users\ad\.m2\repository\org\aeonbits\owner\owner\1.0.12\owner-1.0.12.jar;C:\Users\ad\.m2\repository\io\qameta\allure\allure-testng\2.29.1\allure-testng-2.29.1.jar;C:\Users\ad\.m2\repository\io\qameta\allure\allure-java-commons\2.29.1\allure-java-commons-2.29.1.jar;C:\Users\ad\.m2\repository\io\qameta\allure\allure-model\2.29.1\allure-model-2.29.1.jar;C:\Users\ad\.m2\repository\io\qameta\allure\allure-test-filter\2.29.1\allure-test-filter-2.29.1.jar;C:\Users\ad\.m2\repository\io\qameta\allure\allure-attachments\2.29.1\allure-attachments-2.29.1.jar;C:\Users\ad\.m2\repository\org\freemarker\freemarker\2.3.33\freemarker-2.3.33.jar;C:\Users\ad\.m2\repository\com\github\automatedowl\allure-environment-writer\1.0.0\allure-environment-writer-1.0.0.jar;C:\Users\ad\.m2\repository\org\apache\commons\commons-compress\1.27.1\commons-compress-1.27.1.jar;C:\Users\ad\.m2\repository\commons-codec\commons-codec\1.17.1\commons-codec-1.17.1.jar;C:\Users\ad\.m2\repository\org\apache\commons\commons-lang3\3.16.0\commons-lang3-3.16.0.jar;"/>
    <property name="java.vm.vendor" value="Oracle Corporation"/>
    <property name="sun.arch.data.model" value="64"/>
    <property name="user.variant" value=""/>
    <property name="java.vendor.url" value="https://java.oracle.com/"/>
    <property name="user.timezone" value="Asia/Bangkok"/>
    <property name="os.name" value="Windows 11"/>
    <property name="java.vm.specification.version" value="17"/>
    <property name="sun.java.launcher" value="SUN_STANDARD"/>
    <property name="user.country" value="US"/>
    <property name="sun.boot.library.path" value="C:\Program Files\Java\jdk-17\bin"/>
    <property name="sun.java.command" value="C:\Users\ad\AppData\Local\Temp\surefire6881746650286385773\surefirebooter-20241216220426989_3.jar C:\Users\ad\AppData\Local\Temp\surefire6881746650286385773 2024-12-16T22-04-26_819-jvmRun1 surefire-20241216220426989_1tmp surefire_0-20241216220426989_2tmp"/>
    <property name="jdk.debug" value="release"/>
    <property name="surefire.test.class.path" value="C:\Users\ad\Documents\Java EE Learning\Selenium-Automation\selenium-java-automation\target\test-classes;C:\Users\ad\Documents\Java EE Learning\Selenium-Automation\selenium-java-automation\target\classes;C:\Users\ad\.m2\repository\commons-io\commons-io\2.15.1\commons-io-2.15.1.jar;C:\Users\ad\.m2\repository\ru\yandex\qatools\allure\allure-report-builder\2.1\allure-report-builder-2.1.jar;C:\Users\ad\.m2\repository\ru\yandex\qatools\clay\clay-aether\2.2\clay-aether-2.2.jar;C:\Users\ad\.m2\repository\org\eclipse\aether\aether-api\1.0.0.v20140518\aether-api-1.0.0.v20140518.jar;C:\Users\ad\.m2\repository\org\eclipse\aether\aether-util\1.0.0.v20140518\aether-util-1.0.0.v20140518.jar;C:\Users\ad\.m2\repository\org\eclipse\aether\aether-impl\1.0.0.v20140518\aether-impl-1.0.0.v20140518.jar;C:\Users\ad\.m2\repository\org\eclipse\aether\aether-spi\1.0.0.v20140518\aether-spi-1.0.0.v20140518.jar;C:\Users\ad\.m2\repository\org\eclipse\aether\aether-connector-basic\1.0.0.v20140518\aether-connector-basic-1.0.0.v20140518.jar;C:\Users\ad\.m2\repository\org\eclipse\aether\aether-transport-file\1.0.0.v20140518\aether-transport-file-1.0.0.v20140518.jar;C:\Users\ad\.m2\repository\org\eclipse\aether\aether-transport-http\1.0.0.v20140518\aether-transport-http-1.0.0.v20140518.jar;C:\Users\ad\.m2\repository\org\apache\httpcomponents\httpclient\4.2.6\httpclient-4.2.6.jar;C:\Users\ad\.m2\repository\org\slf4j\jcl-over-slf4j\1.6.2\jcl-over-slf4j-1.6.2.jar;C:\Users\ad\.m2\repository\org\eclipse\aether\aether-transport-wagon\1.0.0.v20140518\aether-transport-wagon-1.0.0.v20140518.jar;C:\Users\ad\.m2\repository\org\apache\maven\wagon\wagon-provider-api\1.0\wagon-provider-api-1.0.jar;C:\Users\ad\.m2\repository\org\apache\maven\maven-aether-provider\3.1.0\maven-aether-provider-3.1.0.jar;C:\Users\ad\.m2\repository\org\apache\maven\maven-model\3.1.0\maven-model-3.1.0.jar;C:\Users\ad\.m2\repository\org\apache\maven\maven-model-builder\3.1.0\maven-model-builder-3.1.0.jar;C:\Users\ad\.m2\repository\org\codehaus\plexus\plexus-interpolation\1.16\plexus-interpolation-1.16.jar;C:\Users\ad\.m2\repository\org\apache\maven\maven-repository-metadata\3.1.0\maven-repository-metadata-3.1.0.jar;C:\Users\ad\.m2\repository\org\eclipse\sisu\org.eclipse.sisu.plexus\0.0.0.M2a\org.eclipse.sisu.plexus-0.0.0.M2a.jar;C:\Users\ad\.m2\repository\javax\enterprise\cdi-api\1.0\cdi-api-1.0.jar;C:\Users\ad\.m2\repository\javax\annotation\jsr250-api\1.0\jsr250-api-1.0.jar;C:\Users\ad\.m2\repository\javax\inject\javax.inject\1\javax.inject-1.jar;C:\Users\ad\.m2\repository\org\sonatype\sisu\sisu-guice\3.1.0\sisu-guice-3.1.0-no_aop.jar;C:\Users\ad\.m2\repository\aopalliance\aopalliance\1.0\aopalliance-1.0.jar;C:\Users\ad\.m2\repository\org\eclipse\sisu\org.eclipse.sisu.inject\0.0.0.M2a\org.eclipse.sisu.inject-0.0.0.M2a.jar;C:\Users\ad\.m2\repository\asm\asm\3.3.1\asm-3.3.1.jar;C:\Users\ad\.m2\repository\org\codehaus\plexus\plexus-classworlds\2.4\plexus-classworlds-2.4.jar;C:\Users\ad\.m2\repository\org\codehaus\plexus\plexus-component-annotations\1.5.5\plexus-component-annotations-1.5.5.jar;C:\Users\ad\.m2\repository\org\codehaus\plexus\plexus-utils\3.0.10\plexus-utils-3.0.10.jar;C:\Users\ad\.m2\repository\org\apache\maven\wagon\wagon-ssh\2.6\wagon-ssh-2.6.jar;C:\Users\ad\.m2\repository\com\jcraft\jsch\0.1.50\jsch-0.1.50.jar;C:\Users\ad\.m2\repository\com\jcraft\jsch.agentproxy.connector-factory\0.0.6\jsch.agentproxy.connector-factory-0.0.6.jar;C:\Users\ad\.m2\repository\com\jcraft\jsch.agentproxy.core\0.0.6\jsch.agentproxy.core-0.0.6.jar;C:\Users\ad\.m2\repository\com\jcraft\jsch.agentproxy.usocket-jna\0.0.6\jsch.agentproxy.usocket-jna-0.0.6.jar;C:\Users\ad\.m2\repository\net\java\dev\jna\jna\3.4.0\jna-3.4.0.jar;C:\Users\ad\.m2\repository\net\java\dev\jna\platform\3.4.0\platform-3.4.0.jar;C:\Users\ad\.m2\repository\com\jcraft\jsch.agentproxy.usocket-nc\0.0.6\jsch.agentproxy.usocket-nc-0.0.6.jar;C:\Users\ad\.m2\repository\com\jcraft\jsch.agentproxy.sshagent\0.0.6\jsch.agentproxy.sshagent-0.0.6.jar;C:\Users\ad\.m2\repository\com\jcraft\jsch.agentproxy.pageant\0.0.6\jsch.agentproxy.pageant-0.0.6.jar;C:\Users\ad\.m2\repository\com\jcraft\jsch.agentproxy.jsch\0.0.6\jsch.agentproxy.jsch-0.0.6.jar;C:\Users\ad\.m2\repository\org\apache\maven\wagon\wagon-ssh-common\2.6\wagon-ssh-common-2.6.jar;C:\Users\ad\.m2\repository\org\codehaus\plexus\plexus-interactivity-api\1.0-alpha-6\plexus-interactivity-api-1.0-alpha-6.jar;C:\Users\ad\.m2\repository\org\apache\maven\wagon\wagon-file\2.6\wagon-file-2.6.jar;C:\Users\ad\.m2\repository\commons-lang\commons-lang\2.6\commons-lang-2.6.jar;C:\Users\ad\.m2\repository\org\apache\maven\wagon\wagon-http\2.6\wagon-http-2.6.jar;C:\Users\ad\.m2\repository\org\apache\maven\wagon\wagon-http-shared\2.6\wagon-http-shared-2.6.jar;C:\Users\ad\.m2\repository\org\jsoup\jsoup\1.7.2\jsoup-1.7.2.jar;C:\Users\ad\.m2\repository\commons-logging\commons-logging\1.1.3\commons-logging-1.1.3.jar;C:\Users\ad\.m2\repository\org\apache\httpcomponents\httpcore\4.3\httpcore-4.3.jar;C:\Users\ad\.m2\repository\org\apache\maven\wagon\wagon-http-lightweight\2.6\wagon-http-lightweight-2.6.jar;C:\Users\ad\.m2\repository\ru\yandex\qatools\clay\clay-maven-settings-builder\2.2\clay-maven-settings-builder-2.2.jar;C:\Users\ad\.m2\repository\org\apache\maven\maven-settings-builder\3.1.0\maven-settings-builder-3.1.0.jar;C:\Users\ad\.m2\repository\org\apache\maven\maven-settings\3.1.0\maven-settings-3.1.0.jar;C:\Users\ad\.m2\repository\org\sonatype\plexus\plexus-sec-dispatcher\1.3\plexus-sec-dispatcher-1.3.jar;C:\Users\ad\.m2\repository\org\sonatype\plexus\plexus-cipher\1.4\plexus-cipher-1.4.jar;C:\Users\ad\.m2\repository\ru\yandex\qatools\clay\clay-utils\2.2\clay-utils-2.2.jar;C:\Users\ad\.m2\repository\org\slf4j\slf4j-log4j12\1.7.5\slf4j-log4j12-1.7.5.jar;C:\Users\ad\.m2\repository\log4j\log4j\1.2.17\log4j-1.2.17.jar;C:\Users\ad\.m2\repository\org\projectlombok\lombok\1.18.36\lombok-1.18.36.jar;C:\Users\ad\.m2\repository\org\seleniumhq\selenium\selenium-java\4.27.0\selenium-java-4.27.0.jar;C:\Users\ad\.m2\repository\org\seleniumhq\selenium\selenium-api\4.27.0\selenium-api-4.27.0.jar;C:\Users\ad\.m2\repository\org\jspecify\jspecify\1.0.0\jspecify-1.0.0.jar;C:\Users\ad\.m2\repository\org\seleniumhq\selenium\selenium-chrome-driver\4.27.0\selenium-chrome-driver-4.27.0.jar;C:\Users\ad\.m2\repository\com\google\auto\service\auto-service-annotations\1.1.1\auto-service-annotations-1.1.1.jar;C:\Users\ad\.m2\repository\org\seleniumhq\selenium\selenium-chromium-driver\4.27.0\selenium-chromium-driver-4.27.0.jar;C:\Users\ad\.m2\repository\org\seleniumhq\selenium\selenium-json\4.27.0\selenium-json-4.27.0.jar;C:\Users\ad\.m2\repository\org\seleniumhq\selenium\selenium-manager\4.27.0\selenium-manager-4.27.0.jar;C:\Users\ad\.m2\repository\org\seleniumhq\selenium\selenium-devtools-v129\4.27.0\selenium-devtools-v129-4.27.0.jar;C:\Users\ad\.m2\repository\org\seleniumhq\selenium\selenium-devtools-v130\4.27.0\selenium-devtools-v130-4.27.0.jar;C:\Users\ad\.m2\repository\org\seleniumhq\selenium\selenium-devtools-v131\4.27.0\selenium-devtools-v131-4.27.0.jar;C:\Users\ad\.m2\repository\org\seleniumhq\selenium\selenium-devtools-v85\4.27.0\selenium-devtools-v85-4.27.0.jar;C:\Users\ad\.m2\repository\org\seleniumhq\selenium\selenium-edge-driver\4.27.0\selenium-edge-driver-4.27.0.jar;C:\Users\ad\.m2\repository\org\seleniumhq\selenium\selenium-firefox-driver\4.27.0\selenium-firefox-driver-4.27.0.jar;C:\Users\ad\.m2\repository\org\seleniumhq\selenium\selenium-http\4.27.0\selenium-http-4.27.0.jar;C:\Users\ad\.m2\repository\dev\failsafe\failsafe\3.3.2\failsafe-3.3.2.jar;C:\Users\ad\.m2\repository\org\seleniumhq\selenium\selenium-ie-driver\4.27.0\selenium-ie-driver-4.27.0.jar;C:\Users\ad\.m2\repository\org\seleniumhq\selenium\selenium-remote-driver\4.27.0\selenium-remote-driver-4.27.0.jar;C:\Users\ad\.m2\repository\com\google\guava\guava\33.3.1-jre\guava-33.3.1-jre.jar;C:\Users\ad\.m2\repository\com\google\guava\failureaccess\1.0.2\failureaccess-1.0.2.jar;C:\Users\ad\.m2\repository\com\google\guava\listenablefuture\9999.0-empty-to-avoid-conflict-with-guava\listenablefuture-9999.0-empty-to-avoid-conflict-with-guava.jar;C:\Users\ad\.m2\repository\com\google\code\findbugs\jsr305\3.0.2\jsr305-3.0.2.jar;C:\Users\ad\.m2\repository\org\checkerframework\checker-qual\3.43.0\checker-qual-3.43.0.jar;C:\Users\ad\.m2\repository\com\google\errorprone\error_prone_annotations\2.28.0\error_prone_annotations-2.28.0.jar;C:\Users\ad\.m2\repository\com\google\j2objc\j2objc-annotations\3.0.0\j2objc-annotations-3.0.0.jar;C:\Users\ad\.m2\repository\io\opentelemetry\semconv\opentelemetry-semconv\1.25.0-alpha\opentelemetry-semconv-1.25.0-alpha.jar;C:\Users\ad\.m2\repository\io\opentelemetry\opentelemetry-api\1.44.1\opentelemetry-api-1.44.1.jar;C:\Users\ad\.m2\repository\io\opentelemetry\opentelemetry-context\1.44.1\opentelemetry-context-1.44.1.jar;C:\Users\ad\.m2\repository\io\opentelemetry\opentelemetry-exporter-logging\1.44.1\opentelemetry-exporter-logging-1.44.1.jar;C:\Users\ad\.m2\repository\io\opentelemetry\opentelemetry-sdk-common\1.44.1\opentelemetry-sdk-common-1.44.1.jar;C:\Users\ad\.m2\repository\io\opentelemetry\opentelemetry-sdk-extension-autoconfigure-spi\1.44.1\opentelemetry-sdk-extension-autoconfigure-spi-1.44.1.jar;C:\Users\ad\.m2\repository\io\opentelemetry\opentelemetry-sdk-extension-autoconfigure\1.44.1\opentelemetry-sdk-extension-autoconfigure-1.44.1.jar;C:\Users\ad\.m2\repository\io\opentelemetry\opentelemetry-api-incubator\1.44.1-alpha\opentelemetry-api-incubator-1.44.1-alpha.jar;C:\Users\ad\.m2\repository\io\opentelemetry\opentelemetry-sdk-trace\1.44.1\opentelemetry-sdk-trace-1.44.1.jar;C:\Users\ad\.m2\repository\io\opentelemetry\opentelemetry-sdk\1.44.1\opentelemetry-sdk-1.44.1.jar;C:\Users\ad\.m2\repository\io\opentelemetry\opentelemetry-sdk-metrics\1.44.1\opentelemetry-sdk-metrics-1.44.1.jar;C:\Users\ad\.m2\repository\io\opentelemetry\opentelemetry-sdk-logs\1.44.1\opentelemetry-sdk-logs-1.44.1.jar;C:\Users\ad\.m2\repository\org\seleniumhq\selenium\selenium-os\4.27.0\selenium-os-4.27.0.jar;C:\Users\ad\.m2\repository\org\apache\commons\commons-exec\1.4.0\commons-exec-1.4.0.jar;C:\Users\ad\.m2\repository\org\seleniumhq\selenium\selenium-safari-driver\4.27.0\selenium-safari-driver-4.27.0.jar;C:\Users\ad\.m2\repository\org\seleniumhq\selenium\selenium-support\4.27.0\selenium-support-4.27.0.jar;C:\Users\ad\.m2\repository\org\testng\testng\7.10.2\testng-7.10.2.jar;C:\Users\ad\.m2\repository\org\slf4j\slf4j-api\1.7.36\slf4j-api-1.7.36.jar;C:\Users\ad\.m2\repository\com\beust\jcommander\1.82\jcommander-1.82.jar;C:\Users\ad\.m2\repository\org\assertj\assertj-core\3.26.3\assertj-core-3.26.3.jar;C:\Users\ad\.m2\repository\net\bytebuddy\byte-buddy\1.14.18\byte-buddy-1.14.18.jar;C:\Users\ad\.m2\repository\net\datafaker\datafaker\2.4.2\datafaker-2.4.2.jar;C:\Users\ad\.m2\repository\org\yaml\snakeyaml\2.3\snakeyaml-2.3.jar;C:\Users\ad\.m2\repository\com\github\curious-odd-man\rgxgen\2.0\rgxgen-2.0.jar;C:\Users\ad\.m2\repository\com\googlecode\libphonenumber\libphonenumber\8.13.50\libphonenumber-8.13.50.jar;C:\Users\ad\.m2\repository\org\apache\logging\log4j\log4j-api\2.23.1\log4j-api-2.23.1.jar;C:\Users\ad\.m2\repository\org\apache\logging\log4j\log4j-core\2.23.1\log4j-core-2.23.1.jar;C:\Users\ad\.m2\repository\org\apache\logging\log4j\log4j-slf4j-impl\2.23.1\log4j-slf4j-impl-2.23.1.jar;C:\Users\ad\.m2\repository\org\aeonbits\owner\owner\1.0.12\owner-1.0.12.jar;C:\Users\ad\.m2\repository\io\qameta\allure\allure-testng\2.29.1\allure-testng-2.29.1.jar;C:\Users\ad\.m2\repository\io\qameta\allure\allure-java-commons\2.29.1\allure-java-commons-2.29.1.jar;C:\Users\ad\.m2\repository\io\qameta\allure\allure-model\2.29.1\allure-model-2.29.1.jar;C:\Users\ad\.m2\repository\io\qameta\allure\allure-test-filter\2.29.1\allure-test-filter-2.29.1.jar;C:\Users\ad\.m2\repository\io\qameta\allure\allure-attachments\2.29.1\allure-attachments-2.29.1.jar;C:\Users\ad\.m2\repository\org\freemarker\freemarker\2.3.33\freemarker-2.3.33.jar;C:\Users\ad\.m2\repository\com\github\automatedowl\allure-environment-writer\1.0.0\allure-environment-writer-1.0.0.jar;C:\Users\ad\.m2\repository\org\apache\commons\commons-compress\1.27.1\commons-compress-1.27.1.jar;C:\Users\ad\.m2\repository\commons-codec\commons-codec\1.17.1\commons-codec-1.17.1.jar;C:\Users\ad\.m2\repository\org\apache\commons\commons-lang3\3.16.0\commons-lang3-3.16.0.jar;"/>
    <property name="sun.cpu.endian" value="little"/>
    <property name="user.home" value="C:\Users\ad"/>
    <property name="user.language" value="en"/>
    <property name="java.specification.vendor" value="Oracle Corporation"/>
    <property name="java.version.date" value="2024-01-16"/>
    <property name="java.home" value="C:\Program Files\Java\jdk-17"/>
    <property name="file.separator" value="\"/>
    <property name="basedir" value="C:\Users\ad\Documents\Java EE Learning\Selenium-Automation\selenium-java-automation"/>
    <property name="java.vm.compressedOopsMode" value="Zero based"/>
    <property name="line.separator" value="&#10;"/>
    <property name="java.vm.specification.vendor" value="Oracle Corporation"/>
    <property name="java.specification.name" value="Java Platform API Specification"/>
    <property name="surefire.real.class.path" value="C:\Users\ad\AppData\Local\Temp\surefire6881746650286385773\surefirebooter-20241216220426989_3.jar"/>
    <property name="user.script" value=""/>
    <property name="sun.management.compiler" value="HotSpot 64-Bit Tiered Compilers"/>
    <property name="java.runtime.version" value="17.0.10+11-LTS-240"/>
    <property name="user.name" value="ad"/>
    <property name="path.separator" value=";"/>
    <property name="os.version" value="10.0"/>
    <property name="java.runtime.name" value="Java(TM) SE Runtime Environment"/>
    <property name="file.encoding" value="Cp1252"/>
    <property name="java.vm.name" value="Java HotSpot(TM) 64-Bit Server VM"/>
    <property name="localRepository" value="C:\Users\ad\.m2\repository"/>
    <property name="java.vendor.url.bug" value="https://bugreport.java.com/bugreport/"/>
    <property name="java.io.tmpdir" value="C:\Users\ad\AppData\Local\Temp\"/>
    <property name="java.version" value="17.0.10"/>
    <property name="user.dir" value="C:\Users\ad\Documents\Java EE Learning\Selenium-Automation\selenium-java-automation"/>
    <property name="os.arch" value="amd64"/>
    <property name="java.vm.specification.name" value="Java Virtual Machine Specification"/>
    <property name="sun.os.patch.level" value=""/>
    <property name="native.encoding" value="Cp1252"/>
    <property name="java.library.path" value="C:\Program Files\Java\jdk-17\bin;C:\WINDOWS\Sun\Java\bin;C:\WINDOWS\system32;C:\WINDOWS;C:\Program Files\Apache\maven-3.9.9\apache-maven-3.9.9\bin;C:\Program Files (x86)\Microsoft SDKs\Azure\CLI2\wbin;C:\WINDOWS\system32;C:\WINDOWS;C:\Program Files\Apache\maven-3.9.9\apache-maven-3.9.9\bin;C:\Program Files\Java\scripts;C:\Program Files\Git\cmd;C:\Program Files\platform-tools;C:\Windows\System32;C:\Windows\System32\WindowsPowerShell\v1.0;C:\Windows\System32\WindowsPowerShell\v1.0;C:\Users\ad\AppData\Roaming\npm\node_modules\yarn\bin;C:\Program Files\nodejs;;C:\Program Files\Docker\Docker\resources\bin;C:\Users\ad\AppData\Roaming\npm;C:\Users\ad\AppData\Local\Programs\Microsoft VS Code\bin;C:\Program Files\Java\graalvm-jdk-17.0.12+8.1\bin;;C:\Program Files\Java\graalvm-jdk-17.0.12+8.1\bin;C:\Program Files\Java\jdk-17\bin;C:\Program Files\dotnet\;C:\Windows\System32;C:\Users\ad\AppData\Roaming\npm;C:\Users\ad\AppData\Local\Programs\Microsoft VS Code\bin;C:\Program Files\nodejs;C:\Users\ad\AppData\Local\Programs\Azure Dev CLI\;C:\path\to\your\android\sdk\tools;C:\path\to\your\android\sdk\platform-tools;C:\path\to\your\android\sdk\tools;C:\path\to\your\android\sdk\platform-tools;C:\Users\ad\Documents\allure-2.32.0\bin;."/>
    <property name="java.vm.info" value="mixed mode, sharing"/>
    <property name="java.vendor" value="Oracle Corporation"/>
    <property name="java.vm.version" value="17.0.10+11-LTS-240"/>
    <property name="sun.io.unicode.encoding" value="UnicodeLittle"/>
    <property name="java.class.version" value="61.0"/>
  </properties>
  <testcase name="preCondition" classname="com.thoaikx.Test01" time="2.747">
    <failure message="&#10;Parameter &apos;browser&apos; is required by BeforeTest on method preCondition but has not been marked @Optional or defined&#10;" type="org.testng.TestNGException"><![CDATA[org.testng.TestNGException: 

Parameter 'browser' is required by BeforeTest on method preCondition but has not been marked @Optional or defined

	at org.testng.internal.Parameters.createParams(Parameters.java:264)
	at org.testng.internal.Parameters.createParametersForMethod(Parameters.java:352)
	at org.testng.internal.Parameters.createParameters(Parameters.java:690)
	at org.testng.internal.Parameters.createConfigurationParameters(Parameters.java:163)
	at org.testng.internal.invokers.ConfigInvoker.invokeConfigurations(ConfigInvoker.java:313)
	at org.testng.TestRunner.invokeTestConfigurations(TestRunner.java:655)
	at org.testng.TestRunner.beforeRun(TestRunner.java:644)
	at org.testng.TestRunner.run(TestRunner.java:610)
	at org.testng.SuiteRunner.runTest(SuiteRunner.java:421)
	at org.testng.SuiteRunner.runSequentially(SuiteRunner.java:413)
	at org.testng.SuiteRunner.privateRun(SuiteRunner.java:373)
	at org.testng.SuiteRunner.run(SuiteRunner.java:312)
	at org.testng.SuiteRunnerWorker.runSuite(SuiteRunnerWorker.java:52)
	at org.testng.SuiteRunnerWorker.run(SuiteRunnerWorker.java:95)
	at org.testng.TestNG.runSuitesSequentially(TestNG.java:1274)
	at org.testng.TestNG.runSuitesLocally(TestNG.java:1208)
	at org.testng.TestNG.runSuites(TestNG.java:1112)
	at org.testng.TestNG.run(TestNG.java:1079)
	at org.apache.maven.surefire.testng.TestNGExecutor.run(TestNGExecutor.java:155)
	at org.apache.maven.surefire.testng.TestNGDirectoryTestSuite.executeSingleClass(TestNGDirectoryTestSuite.java:102)
	at org.apache.maven.surefire.testng.TestNGDirectoryTestSuite.execute(TestNGDirectoryTestSuite.java:91)
	at org.apache.maven.surefire.testng.TestNGProvider.invoke(TestNGProvider.java:137)
	at org.apache.maven.surefire.booter.ForkedBooter.runSuitesInProcess(ForkedBooter.java:385)
	at org.apache.maven.surefire.booter.ForkedBooter.execute(ForkedBooter.java:162)
	at org.apache.maven.surefire.booter.ForkedBooter.run(ForkedBooter.java:507)
	at org.apache.maven.surefire.booter.ForkedBooter.main(ForkedBooter.java:495)
]]></failure>
    <system-out><![CDATA[Allure environment data saved.
Could not invoke listener method
java.lang.NullPointerException: Cannot invoke "org.openqa.selenium.TakesScreenshot.getScreenshotAs(org.openqa.selenium.OutputType)" because "driver" is null
	at com.thoaikx.report.AllureTestLifecycleListener.saveScreenshot(AllureTestLifecycleListener.java:25)
	at com.thoaikx.report.AllureTestLifecycleListener.beforeTestStop(AllureTestLifecycleListener.java:31)
	at io.qameta.allure.listener.LifecycleNotifier.lambda$runSafely$0(LifecycleNotifier.java:211)
	at java.base/java.util.ArrayList.forEach(ArrayList.java:1511)
	at io.qameta.allure.listener.LifecycleNotifier.runSafely(LifecycleNotifier.java:209)
	at io.qameta.allure.listener.LifecycleNotifier.beforeTestStop(LifecycleNotifier.java:88)
	at io.qameta.allure.AllureLifecycle.stopTestCase(AllureLifecycle.java:420)
	at io.qameta.allure.testng.AllureTestNg.stopTestCase(AllureTestNg.java:438)
	at io.qameta.allure.testng.AllureTestNg.onConfigurationFailure(AllureTestNg.java:626)
	at org.testng.internal.TestListenerHelper.runPostConfigurationListeners(TestListenerHelper.java:66)
	at org.testng.internal.invokers.ConfigInvoker.runConfigurationListeners(ConfigInvoker.java:452)
	at org.testng.internal.invokers.ConfigInvoker.handleConfigurationFailure(ConfigInvoker.java:503)
	at org.testng.internal.invokers.ConfigInvoker.invokeConfigurations(ConfigInvoker.java:346)
	at org.testng.TestRunner.invokeTestConfigurations(TestRunner.java:655)
	at org.testng.TestRunner.beforeRun(TestRunner.java:644)
	at org.testng.TestRunner.run(TestRunner.java:610)
	at org.testng.SuiteRunner.runTest(SuiteRunner.java:421)
	at org.testng.SuiteRunner.runSequentially(SuiteRunner.java:413)
	at org.testng.SuiteRunner.privateRun(SuiteRunner.java:373)
	at org.testng.SuiteRunner.run(SuiteRunner.java:312)
	at org.testng.SuiteRunnerWorker.runSuite(SuiteRunnerWorker.java:52)
	at org.testng.SuiteRunnerWorker.run(SuiteRunnerWorker.java:95)
	at org.testng.TestNG.runSuitesSequentially(TestNG.java:1274)
	at org.testng.TestNG.runSuitesLocally(TestNG.java:1208)
	at org.testng.TestNG.runSuites(TestNG.java:1112)
	at org.testng.TestNG.run(TestNG.java:1079)
	at org.apache.maven.surefire.testng.TestNGExecutor.run(TestNGExecutor.java:155)
	at org.apache.maven.surefire.testng.TestNGDirectoryTestSuite.executeSingleClass(TestNGDirectoryTestSuite.java:102)
	at org.apache.maven.surefire.testng.TestNGDirectoryTestSuite.execute(TestNGDirectoryTestSuite.java:91)
	at org.apache.maven.surefire.testng.TestNGProvider.invoke(TestNGProvider.java:137)
	at org.apache.maven.surefire.booter.ForkedBooter.runSuitesInProcess(ForkedBooter.java:385)
	at org.apache.maven.surefire.booter.ForkedBooter.execute(ForkedBooter.java:162)
	at org.apache.maven.surefire.booter.ForkedBooter.run(ForkedBooter.java:507)
	at org.apache.maven.surefire.booter.ForkedBooter.main(ForkedBooter.java:495)
]]></system-out>
    <system-err><![CDATA[SLF4J: Class path contains multiple SLF4J bindings.
SLF4J: Found binding in [jar:file:/C:/Users/ad/.m2/repository/org/slf4j/slf4j-log4j12/1.7.5/slf4j-log4j12-1.7.5.jar!/org/slf4j/impl/StaticLoggerBinder.class]
SLF4J: Found binding in [jar:file:/C:/Users/ad/.m2/repository/org/apache/logging/log4j/log4j-slf4j-impl/2.23.1/log4j-slf4j-impl-2.23.1.jar!/org/slf4j/impl/StaticLoggerBinder.class]
SLF4J: See http://www.slf4j.org/codes.html#multiple_bindings for an explanation.
SLF4J: Actual binding is of type [org.slf4j.impl.Log4jLoggerFactory]
]]></system-err>
  </testcase>
  <testcase name="test02" classname="com.thoaikx.Test01" time="0.0">
    <skipped message="&#10;Parameter &apos;browser&apos; is required by BeforeTest on method preCondition but has not been marked @Optional or defined&#10;"/>
  </testcase>
  <testcase name="postCondition" classname="com.thoaikx.Test01" time="0.0">
    <skipped/>
  </testcase>
  <testcase name="genReport" classname="com.thoaikx.Test01" time="0.0">
    <skipped/>
  </testcase>
</testsuite>