<?xml version="1.0" encoding="UTF-8"?>
<!-- Generated by org.testng.reporters.JUnitReportReporter -->
<testsuite hostname="App" failures="0" tests="1" name="com.thoaikx.Test01" time="3.043" errors="0" timestamp="2024-12-21T11:42:54 ICT" skipped="0">
  <testcase classname="com.thoaikx.Test01" name="test02" time="3.043"/>
</testsuite> <!-- com.thoaikx.Test01 -->
