<?xml version="1.0" encoding="UTF-8"?>
<!-- Generated by org.testng.reporters.JUnitReportReporter -->
<testsuite hostname="App" failures="0" tests="1" name="com.thoaikx.Test01" time="0.085" errors="0" timestamp="2024-12-14T23:58:49 ICT" skipped="0">
  <testcase classname="com.thoaikx.Test01" name="lambdaStepTest" time="0.085"/>
</testsuite> <!-- com.thoaikx.Test01 -->
