<?xml version="1.0" encoding="UTF-8"?>
<!-- Generated by org.testng.reporters.JUnitReportReporter -->
<testsuite hostname="192.168.1.248.non-exists.ptr.local" failures="0" tests="4" name="com.thoaikx.HomePageTest" time="14.374" errors="0" timestamp="2024-12-26T22:20:15 ICT" skipped="0">
  <testcase classname="com.thoaikx.HomePageTest" name="homePage" time="7.016"/>
  <testcase classname="com.thoaikx.HomePageTest" name="selectProduct" time="0.194"/>
  <testcase classname="com.thoaikx.HomePageTest" name="selectProduct" time="0.992"/>
  <testcase classname="com.thoaikx.HomePageTest" name="checkOut" time="6.172"/>
</testsuite> <!-- com.thoaikx.HomePageTest -->
