<?xml version="1.0" encoding="UTF-8"?>
<!-- Generated by org.testng.reporters.JUnitReportReporter -->
<testsuite hostname="192.168.1.248.non-exists.ptr.local" failures="0" tests="4" name="com.thoaikx.HomePageTest" time="9.446" errors="0" timestamp="2025-01-16T23:56:48 ICT" skipped="0">
  <testcase classname="com.thoaikx.HomePageTest" name="homePage" time="3.084"/>
  <testcase classname="com.thoaikx.HomePageTest" name="selectProduct" time="0.166"/>
  <testcase classname="com.thoaikx.HomePageTest" name="selectProduct" time="0.211"/>
  <testcase classname="com.thoaikx.HomePageTest" name="checkOut" time="5.985"/>
</testsuite> <!-- com.thoaikx.HomePageTest -->
