<?xml version="1.0" encoding="UTF-8"?>
<!-- Generated by org.testng.reporters.JUnitReportReporter -->
<testsuite hostname="192.168.1.248.non-exists.ptr.local" failures="0" tests="4" name="com.thoaikx.HomePageTest" time="8.896" errors="0" timestamp="2025-01-17T00:23:20 ICT" skipped="0">
  <testcase classname="com.thoaikx.HomePageTest" name="homePage" time="2.318"/>
  <testcase classname="com.thoaikx.HomePageTest" name="selectProduct" time="0.286"/>
  <testcase classname="com.thoaikx.HomePageTest" name="selectProduct" time="0.196"/>
  <testcase classname="com.thoaikx.HomePageTest" name="checkOut" time="6.096"/>
</testsuite> <!-- com.thoaikx.HomePageTest -->
