<?xml version="1.0" encoding="UTF-8"?>
<!-- Generated by org.testng.reporters.JUnitReportReporter -->
<testsuite hostname="192.168.1.248.non-exists.ptr.local" failures="0" tests="4" name="com.thoaikx.HomePageTest" time="16.558" errors="0" timestamp="2025-01-04T17:09:03 ICT" skipped="0">
  <testcase classname="com.thoaikx.HomePageTest" name="homePage" time="5.500"/>
  <testcase classname="com.thoaikx.HomePageTest" name="selectProduct" time="2.019"/>
  <testcase classname="com.thoaikx.HomePageTest" name="selectProduct" time="0.945"/>
  <testcase classname="com.thoaikx.HomePageTest" name="checkOut" time="8.094"/>
</testsuite> <!-- com.thoaikx.HomePageTest -->
