<?xml version="1.0" encoding="UTF-8"?>
<!-- Generated by org.testng.reporters.JUnitReportReporter -->
<testsuite hostname="192.168.1.248.non-exists.ptr.local" failures="0" tests="4" name="com.thoaikx.HomePageTest" time="11.853" errors="0" timestamp="2025-01-15T22:01:34 ICT" skipped="0">
  <testcase classname="com.thoaikx.HomePageTest" name="homePage" time="4.543"/>
  <testcase classname="com.thoaikx.HomePageTest" name="selectProduct" time="0.251"/>
  <testcase classname="com.thoaikx.HomePageTest" name="selectProduct" time="0.366"/>
  <testcase classname="com.thoaikx.HomePageTest" name="checkOut" time="6.693"/>
</testsuite> <!-- com.thoaikx.HomePageTest -->
