<?xml version="1.0" encoding="UTF-8"?>
<!-- Generated by org.testng.reporters.JUnitReportReporter -->
<testsuite hostname="192.168.1.248.non-exists.ptr.local" failures="0" tests="4" name="com.thoaikx.HomePageTest" time="12.519" errors="0" timestamp="2025-01-14T01:37:21 ICT" skipped="0">
  <testcase classname="com.thoaikx.HomePageTest" name="homePage" time="4.764"/>
  <testcase classname="com.thoaikx.HomePageTest" name="selectProduct" time="0.507"/>
  <testcase classname="com.thoaikx.HomePageTest" name="selectProduct" time="0.438"/>
  <testcase classname="com.thoaikx.HomePageTest" name="checkOut" time="6.810"/>
</testsuite> <!-- com.thoaikx.HomePageTest -->
