<?xml version="1.0" encoding="UTF-8"?>
<!-- Generated by org.testng.reporters.JUnitReportReporter -->
<testsuite hostname="192.168.1.248.non-exists.ptr.local" failures="0" tests="4" name="com.thoaikx.HomePageTest" time="11.458" errors="0" timestamp="2025-01-04T18:38:05 ICT" skipped="0">
  <testcase classname="com.thoaikx.HomePageTest" name="homePage" time="3.714"/>
  <testcase classname="com.thoaikx.HomePageTest" name="selectProduct" time="0.389"/>
  <testcase classname="com.thoaikx.HomePageTest" name="selectProduct" time="0.265"/>
  <testcase classname="com.thoaikx.HomePageTest" name="checkOut" time="7.090"/>
</testsuite> <!-- com.thoaikx.HomePageTest -->
