<?xml version="1.0" encoding="UTF-8"?>
<!-- Generated by org.testng.reporters.JUnitReportReporter -->
<testsuite hostname="192.168.1.248.non-exists.ptr.local" failures="0" tests="4" name="com.thoaikx.HomePageTest" time="10.009" errors="0" timestamp="2025-01-13T23:44:24 ICT" skipped="0">
  <testcase classname="com.thoaikx.HomePageTest" name="homePage" time="3.001"/>
  <testcase classname="com.thoaikx.HomePageTest" name="selectProduct" time="0.347"/>
  <testcase classname="com.thoaikx.HomePageTest" name="selectProduct" time="0.249"/>
  <testcase classname="com.thoaikx.HomePageTest" name="checkOut" time="6.412"/>
</testsuite> <!-- com.thoaikx.HomePageTest -->
