<?xml version="1.0" encoding="UTF-8"?>
<!-- Generated by org.testng.reporters.JUnitReportReporter -->
<testsuite hostname="192.168.1.248.non-exists.ptr.local" failures="0" tests="4" name="com.thoaikx.HomePageTest" time="9.151" errors="0" timestamp="2025-01-14T00:04:28 ICT" skipped="0">
  <testcase classname="com.thoaikx.HomePageTest" name="homePage" time="2.368"/>
  <testcase classname="com.thoaikx.HomePageTest" name="selectProduct" time="0.241"/>
  <testcase classname="com.thoaikx.HomePageTest" name="selectProduct" time="0.215"/>
  <testcase classname="com.thoaikx.HomePageTest" name="checkOut" time="6.327"/>
</testsuite> <!-- com.thoaikx.HomePageTest -->
