<?xml version="1.0" encoding="UTF-8"?>
<!-- Generated by org.testng.reporters.JUnitReportReporter -->
<testsuite hostname="192.168.1.248.non-exists.ptr.local" failures="0" tests="4" name="com.thoaikx.HomePageTest" time="12.087" errors="0" timestamp="2025-01-04T21:55:23 ICT" skipped="0">
  <testcase classname="com.thoaikx.HomePageTest" name="homePage" time="4.647"/>
  <testcase classname="com.thoaikx.HomePageTest" name="selectProduct" time="0.333"/>
  <testcase classname="com.thoaikx.HomePageTest" name="selectProduct" time="0.228"/>
  <testcase classname="com.thoaikx.HomePageTest" name="checkOut" time="6.879"/>
</testsuite> <!-- com.thoaikx.HomePageTest -->
