<?xml version="1.0" encoding="UTF-8"?>
<!-- Generated by org.testng.reporters.JUnitReportReporter -->
<testsuite hostname="192.168.1.248.non-exists.ptr.local" failures="0" tests="4" name="com.thoaikx.HomePageTest" time="11.983" errors="0" timestamp="2025-01-16T23:34:44 ICT" skipped="0">
  <testcase classname="com.thoaikx.HomePageTest" name="homePage" time="4.262"/>
  <testcase classname="com.thoaikx.HomePageTest" name="selectProduct" time="0.347"/>
  <testcase classname="com.thoaikx.HomePageTest" name="selectProduct" time="0.544"/>
  <testcase classname="com.thoaikx.HomePageTest" name="checkOut" time="6.830"/>
</testsuite> <!-- com.thoaikx.HomePageTest -->
